<?xml version="1.0" encoding="UTF-8"?>
<Site BuildName="(empty)"
	BuildStamp="20250307-0302-Experimental"
	Name="(empty)"
	Generator="ctest-3.31.6"
	CompilerName=""
	CompilerVersion=""
	OSName="macOS"
	Hostname="MBXG2NG7GR6J"
	OSRelease="12.6.2"
	OSVersion="21G320"
	OSPlatform="arm64"
	Is64Bits="1"
	VendorString="Apple"
	VendorID="Apple"
	FamilyID="0"
	ModelID="0"
	ModelName="Apple M1 Pro"
	ProcessorCacheSize="131072"
	NumberOfLogicalCPU="8"
	NumberOfPhysicalCPU="8"
	TotalVirtualMemory="6144"
	TotalPhysicalMemory="16384"
	LogicalProcessorsPerPhysical="8"
	ProcessorClockFrequency="0"
	>
	<Testing>
		<StartDateTime>Mar 07 14:08 CST</StartDateTime>
		<StartTestTime>1741327726</StartTestTime>
		<TestList/>
		<EndDateTime>Mar 07 14:08 CST</EndDateTime>
		<EndTestTime>1741327726</EndTestTime>
		<ElapsedMinutes>0</ElapsedMinutes>
	</Testing>
</Site>
